#
# There is insufficient memory for the Java Runtime Environment to continue.
# Native memory allocation (malloc) failed to allocate 1621296 bytes. Error detail: Chunk::new
# Possible reasons:
#   The system is out of physical RAM or swap space
#   This process is running with CompressedOops enabled, and the Java Heap may be blocking the growth of the native heap
# Possible solutions:
#   Reduce memory load on the system
#   Increase physical memory or swap space
#   Check if swap backing store is full
#   Decrease Java heap size (-Xmx/-Xms)
#   Decrease number of Java threads
#   Decrease Java thread stack sizes (-Xss)
#   Set larger code cache with -XX:ReservedCodeCacheSize=
#   JVM is running with Unscaled Compressed Oops mode in which the Java heap is
#     placed in the first 4GB address space. The Java Heap base address is the
#     maximum limit for the native heap growth. Please use -XX:HeapBaseMinAddress
#     to set the Java Heap base and to place the Java Heap above 4GB virtual address.
# This output file may be truncated or incomplete.
#
#  Out of Memory Error (arena.cpp:168), pid=39492, tid=40564
#
# JRE version: OpenJDK Runtime Environment Temurin-21.0.8+9 (21.0.8+9) (build 21.0.8+9-LTS)
# Java VM: OpenJDK 64-Bit Server VM Temurin-21.0.8+9 (21.0.8+9-LTS, mixed mode, sharing, tiered, compressed oops, compressed class ptrs, parallel gc, windows-amd64)
# No core dump will be written. Minidumps are not enabled by default on client versions of Windows
#

---------------  S U M M A R Y ------------

Command Line: --add-modules=ALL-SYSTEM --add-opens=java.base/java.util=ALL-UNNAMED --add-opens=java.base/java.lang=ALL-UNNAMED --add-opens=java.base/sun.nio.fs=ALL-UNNAMED -Declipse.application=org.eclipse.jdt.ls.core.id1 -Dosgi.bundles.defaultStartLevel=4 -Declipse.product=org.eclipse.jdt.ls.core.product -Djava.import.generatesMetadataFilesAtProjectRoot=false -DDetectVMInstallationsJob.disabled=true -Dfile.encoding=utf8 -XX:+UseParallelGC -XX:GCTimeRatio=4 -XX:AdaptiveSizePolicyWeight=90 -Dsun.zip.disableMemoryMapping=true -Xmx2G -Xms100m -Xlog:disable -javaagent:c:\Users\isabe\.vscode\extensions\redhat.java-1.45.0-win32-x64\lombok\lombok-1.18.39-4050.jar -XX:+HeapDumpOnOutOfMemoryError -XX:HeapDumpPath=c:\Users\isabe\AppData\Roaming\Code\User\workspaceStorage\bf25d00c64774afc488f39beb49bd29c\redhat.java -Daether.dependencyCollector.impl=bf c:\Users\isabe\.vscode\extensions\redhat.java-1.45.0-win32-x64\server\plugins\org.eclipse.equinox.launcher_1.7.0.v20250519-0528.jar -configuration c:\Users\isabe\AppData\Roaming\Code\User\globalStorage\redhat.java\1.45.0\config_win -data c:\Users\isabe\AppData\Roaming\Code\User\workspaceStorage\bf25d00c64774afc488f39beb49bd29c\redhat.java\jdt_ws --pipe=\\.\pipe\lsp-18ae5a37cf54f46326c1ca3b0c564385-sock

Host: 11th Gen Intel(R) Core(TM) i7-11370H @ 3.30GHz, 8 cores, 15G,  Windows 11 , 64 bit Build 26100 (10.0.26100.5074)
Time: Tue Sep 30 23:16:02 2025 Eastern Daylight Time elapsed time: 8.085267 seconds (0d 0h 0m 8s)

---------------  T H R E A D  ---------------

Current thread (0x0000023c7a4c6330):  JavaThread "C2 CompilerThread1" daemon [_thread_in_native, id=40564, stack(0x000000b14a100000,0x000000b14a200000) (1024K)]


Current CompileTask:
C2:8085 4467   !   4       org.eclipse.osgi.internal.loader.classpath.ClasspathManager::findClassImpl (343 bytes)

Stack: [0x000000b14a100000,0x000000b14a200000]
Native frames: (J=compiled Java code, j=interpreted, Vv=VM code, C=native code)
V  [jvm.dll+0x6d2449]
V  [jvm.dll+0x8ae341]
V  [jvm.dll+0x8b08be]
V  [jvm.dll+0x8b0fa3]
V  [jvm.dll+0x280c96]
V  [jvm.dll+0xc581d]
V  [jvm.dll+0xc5d53]
V  [jvm.dll+0x3b9162]
V  [jvm.dll+0x385315]
V  [jvm.dll+0x38477a]
V  [jvm.dll+0x248ed0]
V  [jvm.dll+0x2484af]
V  [jvm.dll+0x1c89ee]
V  [jvm.dll+0x257d4d]
V  [jvm.dll+0x2562ea]
V  [jvm.dll+0x3f2d16]
V  [jvm.dll+0x857e6b]
V  [jvm.dll+0x6d0b0d]
C  [ucrtbase.dll+0x37b0]
C  [KERNEL32.DLL+0x2e8d7]
C  [ntdll.dll+0x8d9c]


---------------  P R O C E S S  ---------------

Threads class SMR info:
_java_thread_list=0x0000023c745c7830, length=26, elements={
0x0000023c1b25d000, 0x0000023c1b319cf0, 0x0000023c1b31b9b0, 0x0000023c1b31e920,
0x0000023c1b1d6fc0, 0x0000023c1b1dd060, 0x0000023c1b1e2640, 0x0000023c1b1e60f0,
0x0000023c1b1f8780, 0x0000023c7461aa60, 0x0000023c748ac0e0, 0x0000023c7942b610,
0x0000023c79821020, 0x0000023c79403900, 0x0000023c79403f60, 0x0000023c79dc2120,
0x0000023c79d237a0, 0x0000023c79cae900, 0x0000023c79cb1060, 0x0000023c79cb16f0,
0x0000023c79cafcb0, 0x0000023c79cb0340, 0x0000023c7a4c6330, 0x0000023c7a4c6a00,
0x0000023c79caef90, 0x0000023c79cb1d80
}

Java Threads: ( => current thread )
  0x0000023c1b25d000 JavaThread "main"                              [_thread_blocked, id=34736, stack(0x000000b148500000,0x000000b148600000) (1024K)]
  0x0000023c1b319cf0 JavaThread "Reference Handler"          daemon [_thread_blocked, id=20088, stack(0x000000b148900000,0x000000b148a00000) (1024K)]
  0x0000023c1b31b9b0 JavaThread "Finalizer"                  daemon [_thread_blocked, id=18484, stack(0x000000b148a00000,0x000000b148b00000) (1024K)]
  0x0000023c1b31e920 JavaThread "Signal Dispatcher"          daemon [_thread_blocked, id=4216, stack(0x000000b148b00000,0x000000b148c00000) (1024K)]
  0x0000023c1b1d6fc0 JavaThread "Attach Listener"            daemon [_thread_blocked, id=16416, stack(0x000000b148c00000,0x000000b148d00000) (1024K)]
  0x0000023c1b1dd060 JavaThread "Service Thread"             daemon [_thread_blocked, id=31776, stack(0x000000b148d00000,0x000000b148e00000) (1024K)]
  0x0000023c1b1e2640 JavaThread "Monitor Deflation Thread"   daemon [_thread_blocked, id=34140, stack(0x000000b148e00000,0x000000b148f00000) (1024K)]
  0x0000023c1b1e60f0 JavaThread "C2 CompilerThread0"         daemon [_thread_in_native, id=13976, stack(0x000000b148f00000,0x000000b149000000) (1024K)]
  0x0000023c1b1f8780 JavaThread "C1 CompilerThread0"         daemon [_thread_blocked, id=29776, stack(0x000000b149000000,0x000000b149100000) (1024K)]
  0x0000023c7461aa60 JavaThread "Common-Cleaner"             daemon [_thread_blocked, id=10416, stack(0x000000b149100000,0x000000b149200000) (1024K)]
  0x0000023c748ac0e0 JavaThread "Notification Thread"        daemon [_thread_blocked, id=27828, stack(0x000000b149200000,0x000000b149300000) (1024K)]
  0x0000023c7942b610 JavaThread "Active Thread: Equinox Container: 78f35b95-da21-4517-adbc-1aacd21f7329"        [_thread_blocked, id=29756, stack(0x000000b149b00000,0x000000b149c00000) (1024K)]
  0x0000023c79821020 JavaThread "Refresh Thread: Equinox Container: 78f35b95-da21-4517-adbc-1aacd21f7329" daemon [_thread_blocked, id=23224, stack(0x000000b149d00000,0x000000b149e00000) (1024K)]
  0x0000023c79403900 JavaThread "Framework Event Dispatcher: Equinox Container: 78f35b95-da21-4517-adbc-1aacd21f7329" daemon [_thread_blocked, id=20988, stack(0x000000b149e00000,0x000000b149f00000) (1024K)]
  0x0000023c79403f60 JavaThread "Start Level: Equinox Container: 78f35b95-da21-4517-adbc-1aacd21f7329" daemon [_thread_in_Java, id=40020, stack(0x000000b149f00000,0x000000b14a000000) (1024K)]
  0x0000023c79dc2120 JavaThread "Bundle File Closer"         daemon [_thread_blocked, id=9956, stack(0x000000b14a000000,0x000000b14a100000) (1024K)]
  0x0000023c79d237a0 JavaThread "SCR Component Actor"        daemon [_thread_blocked, id=11308, stack(0x000000b149300000,0x000000b149400000) (1024K)]
  0x0000023c79cae900 JavaThread "SCR Component Registry"     daemon [_thread_blocked, id=19256, stack(0x000000b149400000,0x000000b149500000) (1024K)]
  0x0000023c79cb1060 JavaThread "Worker-JM"                         [_thread_blocked, id=30464, stack(0x000000b14a200000,0x000000b14a300000) (1024K)]
  0x0000023c79cb16f0 JavaThread "JNA Cleaner"                daemon [_thread_blocked, id=34784, stack(0x000000b14a400000,0x000000b14a500000) (1024K)]
  0x0000023c79cafcb0 JavaThread "Worker-0: Repository registry initialization"        [_thread_in_vm, id=17452, stack(0x000000b14a500000,0x000000b14a600000) (1024K)]
  0x0000023c79cb0340 JavaThread "Worker-1"                          [_thread_blocked, id=21524, stack(0x000000b14a600000,0x000000b14a700000) (1024K)]
=>0x0000023c7a4c6330 JavaThread "C2 CompilerThread1"         daemon [_thread_in_native, id=40564, stack(0x000000b14a100000,0x000000b14a200000) (1024K)]
  0x0000023c7a4c6a00 JavaThread "C2 CompilerThread2"         daemon [_thread_in_native, id=39300, stack(0x000000b14a300000,0x000000b14a400000) (1024K)]
  0x0000023c79caef90 JavaThread "Java indexing"              daemon [_thread_blocked, id=33948, stack(0x000000b14a700000,0x000000b14a800000) (1024K)]
  0x0000023c79cb1d80 JavaThread "Worker-2"                          [_thread_blocked, id=17468, stack(0x000000b14a800000,0x000000b14a900000) (1024K)]
Total: 26

Other Threads:
  0x0000023c1b2feb30 VMThread "VM Thread"                           [id=17336, stack(0x000000b148800000,0x000000b148900000) (1024K)]
  0x0000023c1b2c7b60 WatcherThread "VM Periodic Task Thread"        [id=20464, stack(0x000000b148700000,0x000000b148800000) (1024K)]
  0x0000023c1b27b4f0 WorkerThread "GC Thread#0"                     [id=2752, stack(0x000000b148600000,0x000000b148700000) (1024K)]
  0x0000023c794f0b00 WorkerThread "GC Thread#1"                     [id=26548, stack(0x000000b149500000,0x000000b149600000) (1024K)]
  0x0000023c793c0870 WorkerThread "GC Thread#2"                     [id=14864, stack(0x000000b149600000,0x000000b149700000) (1024K)]
  0x0000023c7942c8e0 WorkerThread "GC Thread#3"                     [id=33720, stack(0x000000b149700000,0x000000b149800000) (1024K)]
  0x0000023c7942cc80 WorkerThread "GC Thread#4"                     [id=31924, stack(0x000000b149800000,0x000000b149900000) (1024K)]
  0x0000023c79800080 WorkerThread "GC Thread#5"                     [id=23084, stack(0x000000b149900000,0x000000b149a00000) (1024K)]
  0x0000023c7984f330 WorkerThread "GC Thread#6"                     [id=36268, stack(0x000000b149a00000,0x000000b149b00000) (1024K)]
  0x0000023c79820280 WorkerThread "GC Thread#7"                     [id=18448, stack(0x000000b149c00000,0x000000b149d00000) (1024K)]
Total: 10

Threads with active compile tasks:
C2 CompilerThread0  8116 4594       4       java.util.TreeMap::put (221 bytes)
C1 CompilerThread0  8116 4624       3       java.util.ServiceLoader$ModuleServicesLookupIterator::iteratorFor (191 bytes)
C2 CompilerThread1  8116 4467   !   4       org.eclipse.osgi.internal.loader.classpath.ClasspathManager::findClassImpl (343 bytes)
C2 CompilerThread2  8116 4616       4       java.util.TreeMap::fixAfterInsertion (267 bytes)
Total: 4

VM state: not at safepoint (normal execution)

VM Mutex/Monitor currently owned by a thread: None

Heap address: 0x0000000080000000, size: 2048 MB, Compressed Oops mode: 32-bit

CDS archive(s) mapped at: [0x0000023c32000000-0x0000023c32ba0000-0x0000023c32ba0000), size 12189696, SharedBaseAddress: 0x0000023c32000000, ArchiveRelocationMode: 1.
Compressed class space mapped at: 0x0000023c33000000-0x0000023c73000000, reserved size: 1073741824
Narrow klass base: 0x0000023c32000000, Narrow klass shift: 0, Narrow klass range: 0x100000000

GC Precious Log:
 CardTable entry size: 512
 CPUs: 8 total, 8 available
 Memory: 16218M
 Large Page Support: Disabled
 NUMA Support: Disabled
 Compressed Oops: Enabled (32-bit)
 Alignments: Space 512K, Generation 512K, Heap 2M
 Heap Min Capacity: 100M
 Heap Initial Capacity: 100M
 Heap Max Capacity: 2G
 Pre-touch: Disabled
 Parallel Workers: 8

Heap:
 PSYoungGen      total 24576K, used 5461K [0x00000000d5580000, 0x00000000d7180000, 0x0000000100000000)
  eden space 22528K, 17% used [0x00000000d5580000,0x00000000d593d988,0x00000000d6b80000)
  from space 2048K, 79% used [0x00000000d6e80000,0x00000000d7017c40,0x00000000d7080000)
  to   space 1024K, 0% used [0x00000000d7080000,0x00000000d7080000,0x00000000d7180000)
 ParOldGen       total 68608K, used 17139K [0x0000000080000000, 0x0000000084300000, 0x00000000d5580000)
  object space 68608K, 24% used [0x0000000080000000,0x00000000810bcc10,0x0000000084300000)
 Metaspace       used 31597K, committed 32640K, reserved 1114112K
  class space    used 3213K, committed 3712K, reserved 1048576K

Card table byte_map: [0x0000023c1ac00000,0x0000023c1b010000] _byte_map_base: 0x0000023c1a800000

Marking Bits: (ParMarkBitMap*) 0x00007ffb4236a340
 Begin Bits: [0x0000023c2d700000, 0x0000023c2f700000)
 End Bits:   [0x0000023c2f700000, 0x0000023c31700000)

Polling page: 0x0000023c19050000

Metaspace:

Usage:
  Non-class:     27.72 MB used.
      Class:      3.14 MB used.
       Both:     30.86 MB used.

Virtual space:
  Non-class space:       64.00 MB reserved,      28.25 MB ( 44%) committed,  1 nodes.
      Class space:        1.00 GB reserved,       3.62 MB ( <1%) committed,  1 nodes.
             Both:        1.06 GB reserved,      31.88 MB (  3%) committed. 

Chunk freelists:
   Non-Class:  3.69 MB
       Class:  12.20 MB
        Both:  15.89 MB

MaxMetaspaceSize: unlimited
CompressedClassSpaceSize: 1.00 GB
Initial GC threshold: 21.00 MB
Current GC threshold: 35.00 MB
CDS: on
 - commit_granule_bytes: 65536.
 - commit_granule_words: 8192.
 - virtual_space_node_default_size: 8388608.
 - enlarge_chunks_in_place: 1.
 - use_allocation_guard: 0.


Internal statistics:

num_allocs_failed_limit: 3.
num_arena_births: 856.
num_arena_deaths: 14.
num_vsnodes_births: 2.
num_vsnodes_deaths: 0.
num_space_committed: 510.
num_space_uncommitted: 0.
num_chunks_returned_to_freelist: 17.
num_chunks_taken_from_freelist: 2188.
num_chunk_merges: 4.
num_chunk_splits: 1372.
num_chunks_enlarged: 813.
num_inconsistent_stats: 0.

CodeHeap 'non-profiled nmethods': size=120000Kb used=2267Kb max_used=2267Kb free=117732Kb
 bounds [0x0000023c25f20000, 0x0000023c26190000, 0x0000023c2d450000]
CodeHeap 'profiled nmethods': size=120000Kb used=9430Kb max_used=9430Kb free=110569Kb
 bounds [0x0000023c1e450000, 0x0000023c1ed90000, 0x0000023c25980000]
CodeHeap 'non-nmethods': size=5760Kb used=1357Kb max_used=1396Kb free=4403Kb
 bounds [0x0000023c25980000, 0x0000023c25bf0000, 0x0000023c25f20000]
CodeCache: size=245760Kb, used=13054Kb, max_used=13093Kb, free=232704Kb
 total_blobs=5245, nmethods=4606, adapters=545, full_count=0
Compilation: enabled, stopped_count=0, restarted_count=0

Compilation events (20 events):
Event: 7.066 Thread 0x0000023c1b1f8780 nmethod 4587 0x0000023c1ed76a90 code [0x0000023c1ed76c20, 0x0000023c1ed76d58]
Event: 7.070 Thread 0x0000023c1b1f8780 4589       3       java.lang.ref.ReferenceQueue::remove0 (64 bytes)
Event: 7.070 Thread 0x0000023c1b1f8780 nmethod 4589 0x0000023c1ed76e10 code [0x0000023c1ed77020, 0x0000023c1ed774a0]
Event: 7.070 Thread 0x0000023c1b1f8780 4590   !   3       java.lang.ref.ReferenceQueue::remove (61 bytes)
Event: 7.071 Thread 0x0000023c1b1f8780 nmethod 4590 0x0000023c1ed77610 code [0x0000023c1ed778a0, 0x0000023c1ed78428]
Event: 7.071 Thread 0x0000023c1b1f8780 4591       3       jdk.internal.jimage.ImageBufferCache$2::compare (13 bytes)
Event: 7.071 Thread 0x0000023c1b1f8780 nmethod 4591 0x0000023c1ed78810 code [0x0000023c1ed78a40, 0x0000023c1ed79428]
Event: 7.071 Thread 0x0000023c1b1f8780 4592       3       jdk.internal.jimage.ImageBufferCache$2::compare (12 bytes)
Event: 7.071 Thread 0x0000023c1b1f8780 nmethod 4592 0x0000023c1ed79690 code [0x0000023c1ed798a0, 0x0000023c1ed7a000]
Event: 7.072 Thread 0x0000023c1b1f8780 4593       3       java.nio.charset.Charset::checkName (157 bytes)
Event: 7.072 Thread 0x0000023c1b1f8780 nmethod 4593 0x0000023c1ed7a210 code [0x0000023c1ed7a4a0, 0x0000023c1ed7b138]
Event: 7.076 Thread 0x0000023c1b1f8780 4596       3       java.util.zip.Inflater::inflate (9 bytes)
Event: 7.076 Thread 0x0000023c1b1f8780 nmethod 4596 0x0000023c1ed7b590 code [0x0000023c1ed7b740, 0x0000023c1ed7b8a0]
Event: 7.076 Thread 0x0000023c1b1f8780 4597       3       java.util.TreeMap::get (19 bytes)
Event: 7.077 Thread 0x0000023c1b1f8780 nmethod 4597 0x0000023c1ed7b990 code [0x0000023c1ed7bb40, 0x0000023c1ed7bcf0]
Event: 7.077 Thread 0x0000023c1b1f8780 4598       3       java.nio.ByteBuffer::limit (6 bytes)
Event: 7.077 Thread 0x0000023c1b1f8780 nmethod 4598 0x0000023c1ed7be10 code [0x0000023c1ed7bfc0, 0x0000023c1ed7c188]
Event: 7.077 Thread 0x0000023c1b1f8780 4599       3       java.nio.HeapByteBuffer::getInt (29 bytes)
Event: 7.078 Thread 0x0000023c1b1f8780 nmethod 4599 0x0000023c1ed7c210 code [0x0000023c1ed7c480, 0x0000023c1ed7ce60]
Event: 7.078 Thread 0x0000023c1b1f8780 4600   !   3       jdk.internal.misc.ScopedMemoryAccess::getIntUnaligned (18 bytes)

GC Heap History (20 events):
Event: 1.356 GC heap before
{Heap before GC invocations=3 (full 0):
 PSYoungGen      total 29696K, used 29616K [0x00000000d5580000, 0x00000000d7680000, 0x0000000100000000)
  eden space 25600K, 99% used [0x00000000d5580000,0x00000000d6e72ad8,0x00000000d6e80000)
  from space 4096K, 99% used [0x00000000d7280000,0x00000000d7679780,0x00000000d7680000)
  to   space 4096K, 0% used [0x00000000d6e80000,0x00000000d6e80000,0x00000000d7280000)
 ParOldGen       total 68608K, used 1815K [0x0000000080000000, 0x0000000084300000, 0x00000000d5580000)
  object space 68608K, 2% used [0x0000000080000000,0x00000000801c5eb8,0x0000000084300000)
 Metaspace       used 9407K, committed 9728K, reserved 1114112K
  class space    used 1008K, committed 1152K, reserved 1048576K
}
Event: 1.361 GC heap after
{Heap after GC invocations=3 (full 0):
 PSYoungGen      total 29696K, used 4088K [0x00000000d5580000, 0x00000000d7680000, 0x0000000100000000)
  eden space 25600K, 0% used [0x00000000d5580000,0x00000000d5580000,0x00000000d6e80000)
  from space 4096K, 99% used [0x00000000d6e80000,0x00000000d727e3f0,0x00000000d7280000)
  to   space 4096K, 0% used [0x00000000d7280000,0x00000000d7280000,0x00000000d7680000)
 ParOldGen       total 68608K, used 4898K [0x0000000080000000, 0x0000000084300000, 0x00000000d5580000)
  object space 68608K, 7% used [0x0000000080000000,0x00000000804c8930,0x0000000084300000)
 Metaspace       used 9407K, committed 9728K, reserved 1114112K
  class space    used 1008K, committed 1152K, reserved 1048576K
}
Event: 2.141 GC heap before
{Heap before GC invocations=4 (full 0):
 PSYoungGen      total 29696K, used 29688K [0x00000000d5580000, 0x00000000d7680000, 0x0000000100000000)
  eden space 25600K, 100% used [0x00000000d5580000,0x00000000d6e80000,0x00000000d6e80000)
  from space 4096K, 99% used [0x00000000d6e80000,0x00000000d727e3f0,0x00000000d7280000)
  to   space 4096K, 0% used [0x00000000d7280000,0x00000000d7280000,0x00000000d7680000)
 ParOldGen       total 68608K, used 4898K [0x0000000080000000, 0x0000000084300000, 0x00000000d5580000)
  object space 68608K, 7% used [0x0000000080000000,0x00000000804c8930,0x0000000084300000)
 Metaspace       used 12151K, committed 12544K, reserved 1114112K
  class space    used 1301K, committed 1472K, reserved 1048576K
}
Event: 2.150 GC heap after
{Heap after GC invocations=4 (full 0):
 PSYoungGen      total 29696K, used 4091K [0x00000000d5580000, 0x00000000d7680000, 0x0000000100000000)
  eden space 25600K, 0% used [0x00000000d5580000,0x00000000d5580000,0x00000000d6e80000)
  from space 4096K, 99% used [0x00000000d7280000,0x00000000d767eda0,0x00000000d7680000)
  to   space 4096K, 0% used [0x00000000d6e80000,0x00000000d6e80000,0x00000000d7280000)
 ParOldGen       total 68608K, used 6440K [0x0000000080000000, 0x0000000084300000, 0x00000000d5580000)
  object space 68608K, 9% used [0x0000000080000000,0x000000008064a120,0x0000000084300000)
 Metaspace       used 12151K, committed 12544K, reserved 1114112K
  class space    used 1301K, committed 1472K, reserved 1048576K
}
Event: 2.557 GC heap before
{Heap before GC invocations=5 (full 0):
 PSYoungGen      total 29696K, used 29691K [0x00000000d5580000, 0x00000000d7680000, 0x0000000100000000)
  eden space 25600K, 100% used [0x00000000d5580000,0x00000000d6e80000,0x00000000d6e80000)
  from space 4096K, 99% used [0x00000000d7280000,0x00000000d767eda0,0x00000000d7680000)
  to   space 4096K, 0% used [0x00000000d6e80000,0x00000000d6e80000,0x00000000d7280000)
 ParOldGen       total 68608K, used 6440K [0x0000000080000000, 0x0000000084300000, 0x00000000d5580000)
  object space 68608K, 9% used [0x0000000080000000,0x000000008064a120,0x0000000084300000)
 Metaspace       used 15260K, committed 15744K, reserved 1114112K
  class space    used 1567K, committed 1728K, reserved 1048576K
}
Event: 2.561 GC heap after
{Heap after GC invocations=5 (full 0):
 PSYoungGen      total 29184K, used 4091K [0x00000000d5580000, 0x00000000d7a00000, 0x0000000100000000)
  eden space 25088K, 0% used [0x00000000d5580000,0x00000000d5580000,0x00000000d6e00000)
  from space 4096K, 99% used [0x00000000d6e80000,0x00000000d727eeb0,0x00000000d7280000)
  to   space 6144K, 0% used [0x00000000d7400000,0x00000000d7400000,0x00000000d7a00000)
 ParOldGen       total 68608K, used 7844K [0x0000000080000000, 0x0000000084300000, 0x00000000d5580000)
  object space 68608K, 11% used [0x0000000080000000,0x00000000807a9028,0x0000000084300000)
 Metaspace       used 15260K, committed 15744K, reserved 1114112K
  class space    used 1567K, committed 1728K, reserved 1048576K
}
Event: 3.005 GC heap before
{Heap before GC invocations=6 (full 0):
 PSYoungGen      total 29184K, used 29179K [0x00000000d5580000, 0x00000000d7a00000, 0x0000000100000000)
  eden space 25088K, 100% used [0x00000000d5580000,0x00000000d6e00000,0x00000000d6e00000)
  from space 4096K, 99% used [0x00000000d6e80000,0x00000000d727eeb0,0x00000000d7280000)
  to   space 6144K, 0% used [0x00000000d7400000,0x00000000d7400000,0x00000000d7a00000)
 ParOldGen       total 68608K, used 7844K [0x0000000080000000, 0x0000000084300000, 0x00000000d5580000)
  object space 68608K, 11% used [0x0000000080000000,0x00000000807a9028,0x0000000084300000)
 Metaspace       used 18459K, committed 19200K, reserved 1114112K
  class space    used 1933K, committed 2240K, reserved 1048576K
}
Event: 3.008 GC heap after
{Heap after GC invocations=6 (full 0):
 PSYoungGen      total 30208K, used 5363K [0x00000000d5580000, 0x00000000d7980000, 0x0000000100000000)
  eden space 24576K, 0% used [0x00000000d5580000,0x00000000d5580000,0x00000000d6d80000)
  from space 5632K, 95% used [0x00000000d7400000,0x00000000d793cc90,0x00000000d7980000)
  to   space 5632K, 0% used [0x00000000d6e80000,0x00000000d6e80000,0x00000000d7400000)
 ParOldGen       total 68608K, used 7852K [0x0000000080000000, 0x0000000084300000, 0x00000000d5580000)
  object space 68608K, 11% used [0x0000000080000000,0x00000000807ab028,0x0000000084300000)
 Metaspace       used 18459K, committed 19200K, reserved 1114112K
  class space    used 1933K, committed 2240K, reserved 1048576K
}
Event: 3.193 GC heap before
{Heap before GC invocations=7 (full 0):
 PSYoungGen      total 30208K, used 26366K [0x00000000d5580000, 0x00000000d7980000, 0x0000000100000000)
  eden space 24576K, 85% used [0x00000000d5580000,0x00000000d6a02f38,0x00000000d6d80000)
  from space 5632K, 95% used [0x00000000d7400000,0x00000000d793cc90,0x00000000d7980000)
  to   space 5632K, 0% used [0x00000000d6e80000,0x00000000d6e80000,0x00000000d7400000)
 ParOldGen       total 68608K, used 7852K [0x0000000080000000, 0x0000000084300000, 0x00000000d5580000)
  object space 68608K, 11% used [0x0000000080000000,0x00000000807ab028,0x0000000084300000)
 Metaspace       used 20608K, committed 21504K, reserved 1114112K
  class space    used 2193K, committed 2624K, reserved 1048576K
}
Event: 3.196 GC heap after
{Heap after GC invocations=7 (full 0):
 PSYoungGen      total 29184K, used 4318K [0x00000000d5580000, 0x00000000d7780000, 0x0000000100000000)
  eden space 24576K, 0% used [0x00000000d5580000,0x00000000d5580000,0x00000000d6d80000)
  from space 4608K, 93% used [0x00000000d6e80000,0x00000000d72b7bb8,0x00000000d7300000)
  to   space 4608K, 0% used [0x00000000d7300000,0x00000000d7300000,0x00000000d7780000)
 ParOldGen       total 68608K, used 9420K [0x0000000080000000, 0x0000000084300000, 0x00000000d5580000)
  object space 68608K, 13% used [0x0000000080000000,0x0000000080933148,0x0000000084300000)
 Metaspace       used 20608K, committed 21504K, reserved 1114112K
  class space    used 2193K, committed 2624K, reserved 1048576K
}
Event: 3.196 GC heap before
{Heap before GC invocations=8 (full 1):
 PSYoungGen      total 29184K, used 4318K [0x00000000d5580000, 0x00000000d7780000, 0x0000000100000000)
  eden space 24576K, 0% used [0x00000000d5580000,0x00000000d5580000,0x00000000d6d80000)
  from space 4608K, 93% used [0x00000000d6e80000,0x00000000d72b7bb8,0x00000000d7300000)
  to   space 4608K, 0% used [0x00000000d7300000,0x00000000d7300000,0x00000000d7780000)
 ParOldGen       total 68608K, used 9420K [0x0000000080000000, 0x0000000084300000, 0x00000000d5580000)
  object space 68608K, 13% used [0x0000000080000000,0x0000000080933148,0x0000000084300000)
 Metaspace       used 20608K, committed 21504K, reserved 1114112K
  class space    used 2193K, committed 2624K, reserved 1048576K
}
Event: 3.219 GC heap after
{Heap after GC invocations=8 (full 1):
 PSYoungGen      total 29184K, used 0K [0x00000000d5580000, 0x00000000d7780000, 0x0000000100000000)
  eden space 24576K, 0% used [0x00000000d5580000,0x00000000d5580000,0x00000000d6d80000)
  from space 4608K, 0% used [0x00000000d6e80000,0x00000000d6e80000,0x00000000d7300000)
  to   space 4608K, 0% used [0x00000000d7300000,0x00000000d7300000,0x00000000d7780000)
 ParOldGen       total 68608K, used 13053K [0x0000000080000000, 0x0000000084300000, 0x00000000d5580000)
  object space 68608K, 19% used [0x0000000080000000,0x0000000080cbf550,0x0000000084300000)
 Metaspace       used 20595K, committed 21504K, reserved 1114112K
  class space    used 2189K, committed 2624K, reserved 1048576K
}
Event: 3.481 GC heap before
{Heap before GC invocations=9 (full 1):
 PSYoungGen      total 29184K, used 24576K [0x00000000d5580000, 0x00000000d7780000, 0x0000000100000000)
  eden space 24576K, 100% used [0x00000000d5580000,0x00000000d6d80000,0x00000000d6d80000)
  from space 4608K, 0% used [0x00000000d6e80000,0x00000000d6e80000,0x00000000d7300000)
  to   space 4608K, 0% used [0x00000000d7300000,0x00000000d7300000,0x00000000d7780000)
 ParOldGen       total 68608K, used 13053K [0x0000000080000000, 0x0000000084300000, 0x00000000d5580000)
  object space 68608K, 19% used [0x0000000080000000,0x0000000080cbf550,0x0000000084300000)
 Metaspace       used 22397K, committed 23360K, reserved 1114112K
  class space    used 2353K, committed 2752K, reserved 1048576K
}
Event: 3.482 GC heap after
{Heap after GC invocations=9 (full 1):
 PSYoungGen      total 27648K, used 3178K [0x00000000d5580000, 0x00000000d7680000, 0x0000000100000000)
  eden space 24064K, 0% used [0x00000000d5580000,0x00000000d5580000,0x00000000d6d00000)
  from space 3584K, 88% used [0x00000000d7300000,0x00000000d761a908,0x00000000d7680000)
  to   space 4096K, 0% used [0x00000000d6e80000,0x00000000d6e80000,0x00000000d7280000)
 ParOldGen       total 68608K, used 13061K [0x0000000080000000, 0x0000000084300000, 0x00000000d5580000)
  object space 68608K, 19% used [0x0000000080000000,0x0000000080cc1550,0x0000000084300000)
 Metaspace       used 22397K, committed 23360K, reserved 1114112K
  class space    used 2353K, committed 2752K, reserved 1048576K
}
Event: 3.740 GC heap before
{Heap before GC invocations=10 (full 1):
 PSYoungGen      total 27648K, used 27242K [0x00000000d5580000, 0x00000000d7680000, 0x0000000100000000)
  eden space 24064K, 100% used [0x00000000d5580000,0x00000000d6d00000,0x00000000d6d00000)
  from space 3584K, 88% used [0x00000000d7300000,0x00000000d761a908,0x00000000d7680000)
  to   space 4096K, 0% used [0x00000000d6e80000,0x00000000d6e80000,0x00000000d7280000)
 ParOldGen       total 68608K, used 13061K [0x0000000080000000, 0x0000000084300000, 0x00000000d5580000)
  object space 68608K, 19% used [0x0000000080000000,0x0000000080cc1550,0x0000000084300000)
 Metaspace       used 26208K, committed 27200K, reserved 1114112K
  class space    used 2627K, committed 3072K, reserved 1048576K
}
Event: 3.742 GC heap after
{Heap after GC invocations=10 (full 1):
 PSYoungGen      total 25600K, used 1804K [0x00000000d5580000, 0x00000000d7380000, 0x0000000100000000)
  eden space 23552K, 0% used [0x00000000d5580000,0x00000000d5580000,0x00000000d6c80000)
  from space 2048K, 88% used [0x00000000d6e80000,0x00000000d70432c8,0x00000000d7080000)
  to   space 2560K, 0% used [0x00000000d7100000,0x00000000d7100000,0x00000000d7380000)
 ParOldGen       total 68608K, used 13069K [0x0000000080000000, 0x0000000084300000, 0x00000000d5580000)
  object space 68608K, 19% used [0x0000000080000000,0x0000000080cc3550,0x0000000084300000)
 Metaspace       used 26208K, committed 27200K, reserved 1114112K
  class space    used 2627K, committed 3072K, reserved 1048576K
}
Event: 4.943 GC heap before
{Heap before GC invocations=11 (full 1):
 PSYoungGen      total 25600K, used 25356K [0x00000000d5580000, 0x00000000d7380000, 0x0000000100000000)
  eden space 23552K, 100% used [0x00000000d5580000,0x00000000d6c80000,0x00000000d6c80000)
  from space 2048K, 88% used [0x00000000d6e80000,0x00000000d70432c8,0x00000000d7080000)
  to   space 2560K, 0% used [0x00000000d7100000,0x00000000d7100000,0x00000000d7380000)
 ParOldGen       total 68608K, used 13069K [0x0000000080000000, 0x0000000084300000, 0x00000000d5580000)
  object space 68608K, 19% used [0x0000000080000000,0x0000000080cc3550,0x0000000084300000)
 Metaspace       used 27559K, committed 28480K, reserved 1114112K
  class space    used 2724K, committed 3136K, reserved 1048576K
}
Event: 4.946 GC heap after
{Heap after GC invocations=11 (full 1):
 PSYoungGen      total 25600K, used 2363K [0x00000000d5580000, 0x00000000d7380000, 0x0000000100000000)
  eden space 23040K, 0% used [0x00000000d5580000,0x00000000d5580000,0x00000000d6c00000)
  from space 2560K, 92% used [0x00000000d7100000,0x00000000d734eda0,0x00000000d7380000)
  to   space 2560K, 0% used [0x00000000d6e80000,0x00000000d6e80000,0x00000000d7100000)
 ParOldGen       total 68608K, used 14959K [0x0000000080000000, 0x0000000084300000, 0x00000000d5580000)
  object space 68608K, 21% used [0x0000000080000000,0x0000000080e9bee0,0x0000000084300000)
 Metaspace       used 27559K, committed 28480K, reserved 1114112K
  class space    used 2724K, committed 3136K, reserved 1048576K
}
Event: 7.067 GC heap before
{Heap before GC invocations=12 (full 1):
 PSYoungGen      total 25600K, used 25403K [0x00000000d5580000, 0x00000000d7380000, 0x0000000100000000)
  eden space 23040K, 100% used [0x00000000d5580000,0x00000000d6c00000,0x00000000d6c00000)
  from space 2560K, 92% used [0x00000000d7100000,0x00000000d734eda0,0x00000000d7380000)
  to   space 2560K, 0% used [0x00000000d6e80000,0x00000000d6e80000,0x00000000d7100000)
 ParOldGen       total 68608K, used 14959K [0x0000000080000000, 0x0000000084300000, 0x00000000d5580000)
  object space 68608K, 21% used [0x0000000080000000,0x0000000080e9bee0,0x0000000084300000)
 Metaspace       used 31168K, committed 32192K, reserved 1114112K
  class space    used 3133K, committed 3584K, reserved 1048576K
}
Event: 7.070 GC heap after
{Heap after GC invocations=12 (full 1):
 PSYoungGen      total 24576K, used 1631K [0x00000000d5580000, 0x00000000d7180000, 0x0000000100000000)
  eden space 22528K, 0% used [0x00000000d5580000,0x00000000d5580000,0x00000000d6b80000)
  from space 2048K, 79% used [0x00000000d6e80000,0x00000000d7017c40,0x00000000d7080000)
  to   space 1024K, 0% used [0x00000000d7080000,0x00000000d7080000,0x00000000d7180000)
 ParOldGen       total 68608K, used 17139K [0x0000000080000000, 0x0000000084300000, 0x00000000d5580000)
  object space 68608K, 24% used [0x0000000080000000,0x00000000810bcc10,0x0000000084300000)
 Metaspace       used 31168K, committed 32192K, reserved 1114112K
  class space    used 3133K, committed 3584K, reserved 1048576K
}

Dll operation events (10 events):
Event: 0.010 Loaded shared library c:\Users\isabe\.vscode\extensions\redhat.java-1.45.0-win32-x64\jre\21.0.8-win32-x86_64\bin\java.dll
Event: 0.057 Loaded shared library c:\Users\isabe\.vscode\extensions\redhat.java-1.45.0-win32-x64\jre\21.0.8-win32-x86_64\bin\zip.dll
Event: 0.072 Loaded shared library C:\Users\isabe\.vscode\extensions\redhat.java-1.45.0-win32-x64\jre\21.0.8-win32-x86_64\bin\instrument.dll
Event: 0.077 Loaded shared library C:\Users\isabe\.vscode\extensions\redhat.java-1.45.0-win32-x64\jre\21.0.8-win32-x86_64\bin\net.dll
Event: 0.080 Loaded shared library C:\Users\isabe\.vscode\extensions\redhat.java-1.45.0-win32-x64\jre\21.0.8-win32-x86_64\bin\nio.dll
Event: 0.082 Loaded shared library C:\Users\isabe\.vscode\extensions\redhat.java-1.45.0-win32-x64\jre\21.0.8-win32-x86_64\bin\zip.dll
Event: 0.098 Loaded shared library C:\Users\isabe\.vscode\extensions\redhat.java-1.45.0-win32-x64\jre\21.0.8-win32-x86_64\bin\jimage.dll
Event: 0.179 Loaded shared library c:\Users\isabe\.vscode\extensions\redhat.java-1.45.0-win32-x64\jre\21.0.8-win32-x86_64\bin\verify.dll
Event: 0.951 Loaded shared library C:\Users\isabe\AppData\Roaming\Code\User\globalStorage\redhat.java\1.45.0\config_win\org.eclipse.equinox.launcher\org.eclipse.equinox.launcher.win32.win32.x86_64_1.2.1400.v20250801-0854\eclipse_11916.dll
Event: 2.818 Loaded shared library C:\Users\isabe\AppData\Local\Temp\jna-100492026\jna3775087722665699338.dll

Deoptimization events (20 events):
Event: 5.951 Thread 0x0000023c79403f60 Uncommon trap: trap_request=0xffffffc6 fr.pc=0x0000023c26085d74 relative=0x0000000000000914
Event: 5.951 Thread 0x0000023c79403f60 Uncommon trap: reason=bimorphic_or_optimized_type_check action=maybe_recompile pc=0x0000023c26085d74 method=java.util.HashMap.putVal(ILjava/lang/Object;Ljava/lang/Object;ZZ)Ljava/lang/Object; @ 56 c2
Event: 5.951 Thread 0x0000023c79403f60 DEOPT PACKING pc=0x0000023c26085d74 sp=0x000000b149ffdab0
Event: 5.951 Thread 0x0000023c79403f60 DEOPT UNPACKING pc=0x0000023c259d6da2 sp=0x000000b149ffda08 mode 2
Event: 5.951 Thread 0x0000023c79403f60 Uncommon trap: trap_request=0xffffffc6 fr.pc=0x0000023c26085d74 relative=0x0000000000000914
Event: 5.951 Thread 0x0000023c79403f60 Uncommon trap: reason=bimorphic_or_optimized_type_check action=maybe_recompile pc=0x0000023c26085d74 method=java.util.HashMap.putVal(ILjava/lang/Object;Ljava/lang/Object;ZZ)Ljava/lang/Object; @ 56 c2
Event: 5.951 Thread 0x0000023c79403f60 DEOPT PACKING pc=0x0000023c26085d74 sp=0x000000b149ffdab0
Event: 5.951 Thread 0x0000023c79403f60 DEOPT UNPACKING pc=0x0000023c259d6da2 sp=0x000000b149ffda08 mode 2
Event: 5.951 Thread 0x0000023c79403f60 Uncommon trap: trap_request=0xffffffc6 fr.pc=0x0000023c26085e78 relative=0x0000000000000a18
Event: 5.951 Thread 0x0000023c79403f60 Uncommon trap: reason=bimorphic_or_optimized_type_check action=maybe_recompile pc=0x0000023c26085e78 method=java.util.HashMap.putVal(ILjava/lang/Object;Ljava/lang/Object;ZZ)Ljava/lang/Object; @ 152 c2
Event: 5.951 Thread 0x0000023c79403f60 DEOPT PACKING pc=0x0000023c26085e78 sp=0x000000b149ffdab0
Event: 5.951 Thread 0x0000023c79403f60 DEOPT UNPACKING pc=0x0000023c259d6da2 sp=0x000000b149ffda10 mode 2
Event: 5.951 Thread 0x0000023c79403f60 Uncommon trap: trap_request=0xffffffc6 fr.pc=0x0000023c26085d74 relative=0x0000000000000914
Event: 5.951 Thread 0x0000023c79403f60 Uncommon trap: reason=bimorphic_or_optimized_type_check action=maybe_recompile pc=0x0000023c26085d74 method=java.util.HashMap.putVal(ILjava/lang/Object;Ljava/lang/Object;ZZ)Ljava/lang/Object; @ 56 c2
Event: 5.951 Thread 0x0000023c79403f60 DEOPT PACKING pc=0x0000023c26085d74 sp=0x000000b149ffdab0
Event: 5.951 Thread 0x0000023c79403f60 DEOPT UNPACKING pc=0x0000023c259d6da2 sp=0x000000b149ffda08 mode 2
Event: 7.048 Thread 0x0000023c79403f60 Uncommon trap: trap_request=0xffffff45 fr.pc=0x0000023c26060ad4 relative=0x00000000000002f4
Event: 7.048 Thread 0x0000023c79403f60 Uncommon trap: reason=unstable_if action=reinterpret pc=0x0000023c26060ad4 method=java.util.Properties.getProperty(Ljava/lang/String;)Ljava/lang/String; @ 36 c2
Event: 7.048 Thread 0x0000023c79403f60 DEOPT PACKING pc=0x0000023c26060ad4 sp=0x000000b149ffe370
Event: 7.048 Thread 0x0000023c79403f60 DEOPT UNPACKING pc=0x0000023c259d6da2 sp=0x000000b149ffe318 mode 2

Classes loaded (20 events):
Event: 7.057 Loading class com/sun/org/apache/xml/internal/serializer/Encodings
Event: 7.057 Loading class com/sun/org/apache/xml/internal/serializer/Encodings done
Event: 7.057 Loading class com/sun/org/apache/xml/internal/serializer/Encodings$EncodingInfos
Event: 7.058 Loading class com/sun/org/apache/xml/internal/serializer/Encodings$EncodingInfos done
Event: 7.058 Loading class java/nio/charset/Charset$ExtendedProviderHolder
Event: 7.058 Loading class java/nio/charset/Charset$ExtendedProviderHolder done
Event: 7.059 Loading class java/nio/charset/Charset$ExtendedProviderHolder$1
Event: 7.059 Loading class java/nio/charset/Charset$ExtendedProviderHolder$1 done
Event: 7.064 Loading class java/nio/charset/Charset$ThreadTrackHolder
Event: 7.064 Loading class java/nio/charset/Charset$ThreadTrackHolder done
Event: 7.064 Loading class java/nio/charset/Charset$2
Event: 7.064 Loading class java/nio/charset/Charset$2 done
Event: 7.064 Loading class java/nio/charset/Charset$1
Event: 7.064 Loading class java/nio/charset/Charset$1 done
Event: 7.073 Loading class sun/nio/cs/ISO_8859_13
Event: 7.073 Loading class sun/nio/cs/ISO_8859_13 done
Event: 7.076 Loading class sun/nio/cs/DelegatableDecoder
Event: 7.076 Loading class sun/nio/cs/DelegatableDecoder done
Event: 7.076 Loading class sun/nio/cs/ISO_8859_15
Event: 7.076 Loading class sun/nio/cs/ISO_8859_15 done

Classes unloaded (7 events):
Event: 3.200 Thread 0x0000023c1b2feb30 Unloading class 0x0000023c331a5000 'java/lang/invoke/LambdaForm$MH+0x0000023c331a5000'
Event: 3.200 Thread 0x0000023c1b2feb30 Unloading class 0x0000023c331a4c00 'java/lang/invoke/LambdaForm$MH+0x0000023c331a4c00'
Event: 3.200 Thread 0x0000023c1b2feb30 Unloading class 0x0000023c331a4800 'java/lang/invoke/LambdaForm$MH+0x0000023c331a4800'
Event: 3.200 Thread 0x0000023c1b2feb30 Unloading class 0x0000023c331a4400 'java/lang/invoke/LambdaForm$MH+0x0000023c331a4400'
Event: 3.200 Thread 0x0000023c1b2feb30 Unloading class 0x0000023c331a4000 'java/lang/invoke/LambdaForm$BMH+0x0000023c331a4000'
Event: 3.200 Thread 0x0000023c1b2feb30 Unloading class 0x0000023c331a3c00 'java/lang/invoke/LambdaForm$DMH+0x0000023c331a3c00'
Event: 3.200 Thread 0x0000023c1b2feb30 Unloading class 0x0000023c331a2800 'java/lang/invoke/LambdaForm$DMH+0x0000023c331a2800'

Classes redefined (0 events):
No events

Internal exceptions (20 events):
Event: 3.181 Thread 0x0000023c79403f60 Exception <a 'java/lang/NoSuchMethodError'{0x00000000d690c2d0}: 'int java.lang.invoke.DirectMethodHandle$Holder.invokeStaticInit(java.lang.Object, double, double)'> (0x00000000d690c2d0) 
thrown [s\src\hotspot\share\interpreter\linkResolver.cpp, line 773]
Event: 3.181 Thread 0x0000023c79403f60 Exception <a 'java/lang/NoSuchMethodError'{0x00000000d6911720}: 'int java.lang.invoke.DirectMethodHandle$Holder.invokeStatic(java.lang.Object, long)'> (0x00000000d6911720) 
thrown [s\src\hotspot\share\interpreter\linkResolver.cpp, line 773]
Event: 3.182 Thread 0x0000023c79403f60 Exception <a 'java/lang/NoSuchMethodError'{0x00000000d69309a8}: 'int java.lang.invoke.Invokers$Holder.linkToTargetMethod(java.lang.Object, java.lang.Object)'> (0x00000000d69309a8) 
thrown [s\src\hotspot\share\interpreter\linkResolver.cpp, line 773]
Event: 3.239 Thread 0x0000023c79403f60 Exception <a 'java/lang/NoSuchMethodError'{0x00000000d56652f0}: 'java.lang.Object java.lang.invoke.Invokers$Holder.invoke_MT(java.lang.Object, java.lang.Object, java.lang.Object, java.lang.Object, java.lang.Object, java.lang.Object, java.lang.Object, java.lang.Object, java.lang.Object, java.lang.Object, java.lang.Object)'> (0x00000000d56652f0) 
thrown [s\src\hotspot\share\interpreter\linkResolver.cpp, line 773]
Event: 3.247 Thread 0x0000023c79403f60 Exception <a 'java/lang/NoSuchMethodError'{0x00000000d56f1ff0}: 'java.lang.Object java.lang.invoke.Invokers$Holder.invoke_MT(java.lang.Object, java.lang.Object, java.lang.Object, java.lang.Object, java.lang.Object, java.lang.Object, java.lang.Object, java.lang.Object, java.lang.Object, java.lang.Object)'> (0x00000000d56f1ff0) 
thrown [s\src\hotspot\share\interpreter\linkResolver.cpp, line 773]
Event: 3.260 Thread 0x0000023c79403f60 Exception <a 'java/lang/NoSuchMethodError'{0x00000000d57d0f50}: 'java.lang.Object java.lang.invoke.DirectMethodHandle$Holder.newInvokeSpecial(java.lang.Object, java.lang.Object, java.lang.Object, java.lang.Object, java.lang.Object, java.lang.Object, java.lang.Object)'> (0x00000000d57d0f50) 
thrown [s\src\hotspot\share\interpreter\linkResolver.cpp, line 773]
Event: 3.266 Thread 0x0000023c79403f60 Exception <a 'java/lang/NoSuchMethodError'{0x00000000d5848ef0}: 'java.lang.Object java.lang.invoke.Invokers$Holder.invoker(java.lang.Object, java.lang.Object, java.lang.Object, java.lang.Object, java.lang.Object, java.lang.Object, java.lang.Object, java.lang.Object, java.lang.Object, java.lang.Object, java.lang.Object, java.lang.Object, java.lang.Object)'> (0x00000000d5848ef0) 
thrown [s\src\hotspot\share\interpreter\linkResolver.cpp, line 773]
Event: 3.266 Thread 0x0000023c79403f60 Exception <a 'java/lang/NoSuchMethodError'{0x00000000d5853388}: 'java.lang.Object java.lang.invoke.DelegatingMethodHandle$Holder.delegate(java.lang.Object, java.lang.Object, java.lang.Object, java.lang.Object, java.lang.Object, java.lang.Object, java.lang.Object, java.lang.Object, java.lang.Object, java.lang.Object, java.lang.Object, java.lang.Object, java.lang.Object)'> (0x00000000d5853388) 
thrown [s\src\hotspot\share\interpreter\linkResolver.cpp, line 773]
Event: 3.272 Thread 0x0000023c79403f60 Exception <a 'java/lang/NoSuchMethodError'{0x00000000d58bdc10}: static Lorg/eclipse/m2e/core/internal/lifecyclemapping/model/PluginExecutionMetadata;.<clinit>()V> (0x00000000d58bdc10) 
thrown [s\src\hotspot\share\prims\jni.cpp, line 1111]
Event: 3.282 Thread 0x0000023c79403f60 Exception <a 'java/lang/NoSuchMethodError'{0x00000000d5919c80}: static Lorg/eclipse/m2e/core/internal/lifecyclemapping/model/PluginExecutionFilter;.<clinit>()V> (0x00000000d5919c80) 
thrown [s\src\hotspot\share\prims\jni.cpp, line 1111]
Event: 3.285 Thread 0x0000023c79403f60 Exception <a 'java/lang/NoSuchMethodError'{0x00000000d594aa38}: static Lorg/eclipse/m2e/core/internal/project/registry/MavenProjectFacade$MavenProjectConfiguration;.<clinit>()V> (0x00000000d594aa38) 
thrown [s\src\hotspot\share\prims\jni.cpp, line 1111]
Event: 3.359 Thread 0x0000023c79403f60 Exception <a 'java/lang/NoSuchMethodError'{0x00000000d5ddc668}: 'double java.lang.invoke.DirectMethodHandle$Holder.invokeStatic(java.lang.Object, java.lang.Object)'> (0x00000000d5ddc668) 
thrown [s\src\hotspot\share\interpreter\linkResolver.cpp, line 773]
Event: 3.359 Thread 0x0000023c79403f60 Exception <a 'java/lang/NoSuchMethodError'{0x00000000d5ddfd28}: 'double java.lang.invoke.DirectMethodHandle$Holder.invokeStaticInit(java.lang.Object, java.lang.Object)'> (0x00000000d5ddfd28) 
thrown [s\src\hotspot\share\interpreter\linkResolver.cpp, line 773]
Event: 3.702 Thread 0x0000023c79403f60 Implicit null exception at 0x0000023c26109f75 to 0x0000023c2610a088
Event: 3.810 Thread 0x0000023c79403f60 Exception <a 'java/lang/NoSuchMethodError'{0x00000000d63bd018}: 'java.lang.Object java.lang.invoke.DirectMethodHandle$Holder.newInvokeSpecial(java.lang.Object, int, java.lang.Object, java.lang.Object)'> (0x00000000d63bd018) 
thrown [s\src\hotspot\share\interpreter\linkResolver.cpp, line 773]
Event: 4.969 Thread 0x0000023c79403f60 Exception <a 'java/lang/ClassNotFoundException'{0x00000000d573cce0}: com/sun/org/apache/xerces/internal/impl/msg/spi/DOMMessagesProvider> (0x00000000d573cce0) 
thrown [s\src\hotspot\share\classfile\systemDictionary.cpp, line 312]
Event: 4.970 Thread 0x0000023c79403f60 Exception <a 'java/lang/ClassNotFoundException'{0x00000000d5787a90}: com/sun/org/apache/xerces/internal/impl/msg/spi/XMLSerializerMessagesProvider> (0x00000000d5787a90) 
thrown [s\src\hotspot\share\classfile\systemDictionary.cpp, line 312]
Event: 4.971 Thread 0x0000023c79cafcb0 Exception <a 'java/lang/NoSuchMethodError'{0x00000000d57fb658}: 'java.lang.Object java.lang.invoke.DirectMethodHandle$Holder.invokeSpecialIFC(java.lang.Object, java.lang.Object, java.lang.Object, java.lang.Object)'> (0x00000000d57fb658) 
thrown [s\src\hotspot\share\interpreter\linkResolver.cpp, line 773]
Event: 4.971 Thread 0x0000023c79403f60 Exception <a 'java/lang/ClassNotFoundException'{0x00000000d5794db0}: com/sun/org/apache/xerces/internal/impl/msg/spi/XMLMessagesProvider> (0x00000000d5794db0) 
thrown [s\src\hotspot\share\classfile\systemDictionary.cpp, line 312]
Event: 7.054 Thread 0x0000023c79403f60 Exception <a 'java/lang/ClassNotFoundException'{0x00000000d6a317e0}: com/sun/org/apache/xml/internal/serializer/spi/XMLEntitiesProvider> (0x00000000d6a317e0) 
thrown [s\src\hotspot\share\classfile\systemDictionary.cpp, line 312]

ZGC Phase Switch (0 events):
No events

VM Operations (20 events):
Event: 3.742 Executing VM operation: ParallelGCFailedAllocation (Allocation Failure) done
Event: 4.742 Executing VM operation: Cleanup
Event: 4.913 Executing VM operation: Cleanup done
Event: 4.930 Executing VM operation: HandshakeAllThreads (Deoptimize)
Event: 4.930 Executing VM operation: HandshakeAllThreads (Deoptimize) done
Event: 4.943 Executing VM operation: ParallelGCFailedAllocation (Allocation Failure)
Event: 4.946 Executing VM operation: ParallelGCFailedAllocation (Allocation Failure) done
Event: 5.946 Executing VM operation: Cleanup
Event: 5.946 Executing VM operation: Cleanup done
Event: 5.951 Executing VM operation: HandshakeAllThreads (Deoptimize)
Event: 5.951 Executing VM operation: HandshakeAllThreads (Deoptimize) done
Event: 6.950 Executing VM operation: Cleanup
Event: 6.950 Executing VM operation: Cleanup done
Event: 7.053 Executing VM operation: HandshakeAllThreads (Deoptimize)
Event: 7.053 Executing VM operation: HandshakeAllThreads (Deoptimize) done
Event: 7.056 Executing VM operation: HandshakeAllThreads (Deoptimize)
Event: 7.056 Executing VM operation: HandshakeAllThreads (Deoptimize) done
Event: 7.067 Executing VM operation: ParallelGCFailedAllocation (Allocation Failure)
Event: 7.070 Executing VM operation: ParallelGCFailedAllocation (Allocation Failure) done
Event: 8.070 Executing VM operation: Cleanup

Memory protections (0 events):
No events

Nmethod flushes (0 events):
No events

Events (20 events):
Event: 0.948 Thread 0x0000023c1b25d000 Thread added: 0x0000023c79821020
Event: 0.971 Thread 0x0000023c79821020 Thread added: 0x0000023c79403900
Event: 0.974 Thread 0x0000023c1b25d000 Thread added: 0x0000023c79403f60
Event: 1.445 Thread 0x0000023c79403f60 Thread added: 0x0000023c79dc2120
Event: 1.483 Thread 0x0000023c791074c0 Thread exited: 0x0000023c791074c0
Event: 1.503 Thread 0x0000023c748a8fb0 Thread exited: 0x0000023c748a8fb0
Event: 1.923 Thread 0x0000023c79403f60 Thread added: 0x0000023c79d237a0
Event: 2.005 Thread 0x0000023c79403f60 Thread added: 0x0000023c79cae900
Event: 2.206 Thread 0x0000023c1b1f8780 Thread added: 0x0000023c79b5ba00
Event: 2.432 Thread 0x0000023c79403f60 Thread added: 0x0000023c79cb1060
Event: 2.597 Thread 0x0000023c1b1f8780 Thread added: 0x0000023c79d798a0
Event: 2.840 Thread 0x0000023c79403f60 Thread added: 0x0000023c79cb16f0
Event: 2.865 Thread 0x0000023c79403f60 Thread added: 0x0000023c79cafcb0
Event: 2.880 Thread 0x0000023c79403f60 Thread added: 0x0000023c79cb0340
Event: 3.635 Thread 0x0000023c79d798a0 Thread exited: 0x0000023c79d798a0
Event: 3.636 Thread 0x0000023c79b5ba00 Thread exited: 0x0000023c79b5ba00
Event: 3.856 Thread 0x0000023c1b1f8780 Thread added: 0x0000023c7a4c6330
Event: 5.900 Thread 0x0000023c1b1f8780 Thread added: 0x0000023c7a4c6a00
Event: 5.904 Thread 0x0000023c79403f60 Thread added: 0x0000023c79caef90
Event: 5.904 Thread 0x0000023c79cb0340 Thread added: 0x0000023c79cb1d80


Dynamic libraries:
0x00007ff604130000 - 0x00007ff60413e000 	c:\Users\isabe\.vscode\extensions\redhat.java-1.45.0-win32-x64\jre\21.0.8-win32-x86_64\bin\java.exe
0x00007ffbe1680000 - 0x00007ffbe18e9000 	C:\WINDOWS\SYSTEM32\ntdll.dll
0x00007ffbdfba0000 - 0x00007ffbdfc69000 	C:\WINDOWS\System32\KERNEL32.DLL
0x00007ffbdea50000 - 0x00007ffbdee43000 	C:\WINDOWS\System32\KERNELBASE.dll
0x00007ffbde900000 - 0x00007ffbdea4b000 	C:\WINDOWS\System32\ucrtbase.dll
0x00007ffbc74e0000 - 0x00007ffbc74fe000 	c:\Users\isabe\.vscode\extensions\redhat.java-1.45.0-win32-x64\jre\21.0.8-win32-x86_64\bin\VCRUNTIME140.dll
0x00007ffbcb040000 - 0x00007ffbcb058000 	c:\Users\isabe\.vscode\extensions\redhat.java-1.45.0-win32-x64\jre\21.0.8-win32-x86_64\bin\jli.dll
0x00007ffbe0a60000 - 0x00007ffbe0c24000 	C:\WINDOWS\System32\USER32.dll
0x00007ffbde810000 - 0x00007ffbde837000 	C:\WINDOWS\System32\win32u.dll
0x00007ffbc2ba0000 - 0x00007ffbc2e33000 	C:\WINDOWS\WinSxS\amd64_microsoft.windows.common-controls_6595b64144ccf1df_6.0.26100.5074_none_3e0d6f78e32fd63f\COMCTL32.dll
0x00007ffbdff00000 - 0x00007ffbdff2b000 	C:\WINDOWS\System32\GDI32.dll
0x00007ffbe08b0000 - 0x00007ffbe0959000 	C:\WINDOWS\System32\msvcrt.dll
0x00007ffbdee50000 - 0x00007ffbdef7d000 	C:\WINDOWS\System32\gdi32full.dll
0x00007ffbdf020000 - 0x00007ffbdf0c3000 	C:\WINDOWS\System32\msvcp_win.dll
0x00007ffbdfde0000 - 0x00007ffbdfe0f000 	C:\WINDOWS\System32\IMM32.DLL
0x00007ffbdb2f0000 - 0x00007ffbdb2fc000 	c:\Users\isabe\.vscode\extensions\redhat.java-1.45.0-win32-x64\jre\21.0.8-win32-x86_64\bin\vcruntime140_1.dll
0x00007ffbad700000 - 0x00007ffbad78d000 	c:\Users\isabe\.vscode\extensions\redhat.java-1.45.0-win32-x64\jre\21.0.8-win32-x86_64\bin\msvcp140.dll
0x00007ffb416b0000 - 0x00007ffb42447000 	c:\Users\isabe\.vscode\extensions\redhat.java-1.45.0-win32-x64\jre\21.0.8-win32-x86_64\bin\server\jvm.dll
0x00007ffbdff40000 - 0x00007ffbdfff4000 	C:\WINDOWS\System32\ADVAPI32.dll
0x00007ffbe1590000 - 0x00007ffbe1636000 	C:\WINDOWS\System32\sechost.dll
0x00007ffbe0fb0000 - 0x00007ffbe10c8000 	C:\WINDOWS\System32\RPCRT4.dll
0x00007ffbe09e0000 - 0x00007ffbe0a54000 	C:\WINDOWS\System32\WS2_32.dll
0x00007ffbde670000 - 0x00007ffbde6ce000 	C:\WINDOWS\SYSTEM32\POWRPROF.dll
0x00007ffbd5830000 - 0x00007ffbd5865000 	C:\WINDOWS\SYSTEM32\WINMM.dll
0x00007ffbcbf80000 - 0x00007ffbcbf8b000 	C:\WINDOWS\SYSTEM32\VERSION.dll
0x00007ffbde650000 - 0x00007ffbde664000 	C:\WINDOWS\SYSTEM32\UMPDC.dll
0x00007ffbdd5f0000 - 0x00007ffbdd60b000 	C:\WINDOWS\SYSTEM32\kernel.appcore.dll
0x00007ffbdb270000 - 0x00007ffbdb27a000 	c:\Users\isabe\.vscode\extensions\redhat.java-1.45.0-win32-x64\jre\21.0.8-win32-x86_64\bin\jimage.dll
0x00007ffbdbe80000 - 0x00007ffbdc0c2000 	C:\WINDOWS\SYSTEM32\DBGHELP.DLL
0x00007ffbe0c30000 - 0x00007ffbe0fab000 	C:\WINDOWS\System32\combase.dll
0x00007ffbdfe20000 - 0x00007ffbdfef7000 	C:\WINDOWS\System32\OLEAUT32.dll
0x00007ffbbc610000 - 0x00007ffbbc64d000 	C:\WINDOWS\SYSTEM32\dbgcore.DLL
0x00007ffbdef80000 - 0x00007ffbdf019000 	C:\WINDOWS\System32\bcryptPrimitives.dll
0x00007ffbcfba0000 - 0x00007ffbcfbaf000 	c:\Users\isabe\.vscode\extensions\redhat.java-1.45.0-win32-x64\jre\21.0.8-win32-x86_64\bin\instrument.dll
0x00007ffbc7300000 - 0x00007ffbc731f000 	c:\Users\isabe\.vscode\extensions\redhat.java-1.45.0-win32-x64\jre\21.0.8-win32-x86_64\bin\java.dll
0x00007ffbdf450000 - 0x00007ffbdfb9d000 	C:\WINDOWS\System32\SHELL32.dll
0x00007ffbdf2e0000 - 0x00007ffbdf44c000 	C:\WINDOWS\System32\wintypes.dll
0x00007ffbdc440000 - 0x00007ffbdcc99000 	C:\WINDOWS\SYSTEM32\windows.storage.dll
0x00007ffbe0310000 - 0x00007ffbe0400000 	C:\WINDOWS\System32\SHCORE.dll
0x00007ffbdfd70000 - 0x00007ffbdfdd2000 	C:\WINDOWS\System32\shlwapi.dll
0x00007ffbde730000 - 0x00007ffbde759000 	C:\WINDOWS\SYSTEM32\profapi.dll
0x00007ffbc7270000 - 0x00007ffbc7288000 	c:\Users\isabe\.vscode\extensions\redhat.java-1.45.0-win32-x64\jre\21.0.8-win32-x86_64\bin\zip.dll
0x00007ffbd9520000 - 0x00007ffbd9530000 	C:\Users\isabe\.vscode\extensions\redhat.java-1.45.0-win32-x64\jre\21.0.8-win32-x86_64\bin\net.dll
0x00007ffbd71e0000 - 0x00007ffbd72ff000 	C:\WINDOWS\SYSTEM32\WINHTTP.dll
0x00007ffbddb70000 - 0x00007ffbddbdb000 	C:\WINDOWS\system32\mswsock.dll
0x00007ffbc1110000 - 0x00007ffbc1126000 	C:\Users\isabe\.vscode\extensions\redhat.java-1.45.0-win32-x64\jre\21.0.8-win32-x86_64\bin\nio.dll
0x00007ffbcb0c0000 - 0x00007ffbcb0d0000 	c:\Users\isabe\.vscode\extensions\redhat.java-1.45.0-win32-x64\jre\21.0.8-win32-x86_64\bin\verify.dll
0x00007ffbb83e0000 - 0x00007ffbb8424000 	C:\Users\isabe\AppData\Roaming\Code\User\globalStorage\redhat.java\1.45.0\config_win\org.eclipse.equinox.launcher\org.eclipse.equinox.launcher.win32.win32.x86_64_1.2.1400.v20250801-0854\eclipse_11916.dll
0x00007ffbe0040000 - 0x00007ffbe01d8000 	C:\WINDOWS\System32\ole32.dll
0x00007ffbdde10000 - 0x00007ffbdde2b000 	C:\WINDOWS\SYSTEM32\CRYPTSP.dll
0x00007ffbdd550000 - 0x00007ffbdd58b000 	C:\WINDOWS\system32\rsaenh.dll
0x00007ffbddc10000 - 0x00007ffbddc3b000 	C:\WINDOWS\SYSTEM32\USERENV.dll
0x00007ffbde700000 - 0x00007ffbde726000 	C:\WINDOWS\SYSTEM32\bcrypt.dll
0x00007ffbdde30000 - 0x00007ffbdde3c000 	C:\WINDOWS\SYSTEM32\CRYPTBASE.dll
0x00007ffbdd080000 - 0x00007ffbdd0b4000 	C:\WINDOWS\SYSTEM32\IPHLPAPI.DLL
0x00007ffbe08a0000 - 0x00007ffbe08aa000 	C:\WINDOWS\System32\NSI.dll
0x00007ffbaecd0000 - 0x00007ffbaed19000 	C:\Users\isabe\AppData\Local\Temp\jna-100492026\jna3775087722665699338.dll
0x00007ffbe0000000 - 0x00007ffbe0008000 	C:\WINDOWS\System32\PSAPI.DLL

JVMTI agents:
c:\Users\isabe\.vscode\extensions\redhat.java-1.45.0-win32-x64\lombok\lombok-1.18.39-4050.jar path:c:\Users\isabe\.vscode\extensions\redhat.java-1.45.0-win32-x64\jre\21.0.8-win32-x86_64\bin\instrument.dll, loaded, initialized, instrumentlib options:none

dbghelp: loaded successfully - version: 4.0.5 - missing functions: none
symbol engine: initialized successfully - sym options: 0x614 - pdb path: .;c:\Users\isabe\.vscode\extensions\redhat.java-1.45.0-win32-x64\jre\21.0.8-win32-x86_64\bin;C:\WINDOWS\SYSTEM32;C:\WINDOWS\WinSxS\amd64_microsoft.windows.common-controls_6595b64144ccf1df_6.0.26100.5074_none_3e0d6f78e32fd63f;c:\Users\isabe\.vscode\extensions\redhat.java-1.45.0-win32-x64\jre\21.0.8-win32-x86_64\bin\server;C:\Users\isabe\AppData\Roaming\Code\User\globalStorage\redhat.java\1.45.0\config_win\org.eclipse.equinox.launcher\org.eclipse.equinox.launcher.win32.win32.x86_64_1.2.1400.v20250801-0854;C:\Users\isabe\AppData\Local\Temp\jna-100492026

VM Arguments:
jvm_args: --add-modules=ALL-SYSTEM --add-opens=java.base/java.util=ALL-UNNAMED --add-opens=java.base/java.lang=ALL-UNNAMED --add-opens=java.base/sun.nio.fs=ALL-UNNAMED -Declipse.application=org.eclipse.jdt.ls.core.id1 -Dosgi.bundles.defaultStartLevel=4 -Declipse.product=org.eclipse.jdt.ls.core.product -Djava.import.generatesMetadataFilesAtProjectRoot=false -DDetectVMInstallationsJob.disabled=true -Dfile.encoding=utf8 -XX:+UseParallelGC -XX:GCTimeRatio=4 -XX:AdaptiveSizePolicyWeight=90 -Dsun.zip.disableMemoryMapping=true -Xmx2G -Xms100m -Xlog:disable -javaagent:c:\Users\isabe\.vscode\extensions\redhat.java-1.45.0-win32-x64\lombok\lombok-1.18.39-4050.jar -XX:+HeapDumpOnOutOfMemoryError -XX:HeapDumpPath=c:\Users\isabe\AppData\Roaming\Code\User\workspaceStorage\bf25d00c64774afc488f39beb49bd29c\redhat.java -Daether.dependencyCollector.impl=bf 
java_command: c:\Users\isabe\.vscode\extensions\redhat.java-1.45.0-win32-x64\server\plugins\org.eclipse.equinox.launcher_1.7.0.v20250519-0528.jar -configuration c:\Users\isabe\AppData\Roaming\Code\User\globalStorage\redhat.java\1.45.0\config_win -data c:\Users\isabe\AppData\Roaming\Code\User\workspaceStorage\bf25d00c64774afc488f39beb49bd29c\redhat.java\jdt_ws --pipe=\\.\pipe\lsp-18ae5a37cf54f46326c1ca3b0c564385-sock
java_class_path (initial): c:\Users\isabe\.vscode\extensions\redhat.java-1.45.0-win32-x64\server\plugins\org.eclipse.equinox.launcher_1.7.0.v20250519-0528.jar
Launcher Type: SUN_STANDARD

[Global flags]
    uintx AdaptiveSizePolicyWeight                 = 90                                        {product} {command line}
     intx CICompilerCount                          = 4                                         {product} {ergonomic}
    uintx GCTimeRatio                              = 4                                         {product} {command line}
     bool HeapDumpOnOutOfMemoryError               = true                                   {manageable} {command line}
    ccstr HeapDumpPath                             = c:\Users\isabe\AppData\Roaming\Code\User\workspaceStorage\bf25d00c64774afc488f39beb49bd29c\redhat.java         {manageable} {command line}
   size_t InitialHeapSize                          = 104857600                                 {product} {command line}
   size_t MaxHeapSize                              = 2147483648                                {product} {command line}
   size_t MaxNewSize                               = 715653120                                 {product} {ergonomic}
   size_t MinHeapDeltaBytes                        = 524288                                    {product} {ergonomic}
   size_t MinHeapSize                              = 104857600                                 {product} {command line}
   size_t NewSize                                  = 34603008                                  {product} {ergonomic}
    uintx NonNMethodCodeHeapSize                   = 5839372                                {pd product} {ergonomic}
    uintx NonProfiledCodeHeapSize                  = 122909434                              {pd product} {ergonomic}
   size_t OldSize                                  = 70254592                                  {product} {ergonomic}
    uintx ProfiledCodeHeapSize                     = 122909434                              {pd product} {ergonomic}
    uintx ReservedCodeCacheSize                    = 251658240                              {pd product} {ergonomic}
     bool SegmentedCodeCache                       = true                                      {product} {ergonomic}
   size_t SoftMaxHeapSize                          = 2147483648                             {manageable} {ergonomic}
     bool UseCompressedOops                        = true                           {product lp64_product} {ergonomic}
     bool UseLargePagesIndividualAllocation        = false                                  {pd product} {ergonomic}
     bool UseParallelGC                            = true                                      {product} {command line}

Logging:
Log output configuration:
 #0: stdout all=off uptime,level,tags foldmultilines=false
 #1: stderr all=off uptime,level,tags foldmultilines=false

Environment Variables:
PATH=C:\Program Files\Eclipse Adoptium\jdk-17.0.14.7-hotspot\bin;C:\Program Files\Common Files\Oracle\Java\javapath;C:\Program Files (x86)\Common Files\Oracle\Java\java8path;C:\Program Files (x86)\Common Files\Oracle\Java\javapath;C:\Python313\Scripts\;C:\Python313\;C:\Program Files (x86)\VMware\VMware Player\bin\;C:\WINDOWS\system32;C:\WINDOWS;C:\WINDOWS\System32\Wbem;C:\WINDOWS\System32\WindowsPowerShell\v1.0\;C:\WINDOWS\System32\OpenSSH\;C:\Program Files\PuTTY\;C:\ProgramData\chocolatey\bin;C:\Program Files\Microsoft VS Code\bin;C:\Users\isabe\AppData\Local\nvm;C:\nvm4w\nodejs;C:\ProgramData\chocolatey\lib\maven\apache-maven-3.9.11\bin;C:\Program Files\Git\cmd;C:\Program Files\Docker\Docker\resources\bin;C:\Users\isabe\AppData\Local\Programs\Python\Launcher\;C:\Users\isabe\AppData\Local\Microsoft\WindowsApps;C:\Users\isabe\AppData\Local\nvm;C:\nvm4w\nodejs;C:\tools\flutter\bin;%JAVA_HOME%\bin;C:\tools\mysql\current\bin;C:\ProgramData\chocolatey\bin;
USERNAME=isabe
OS=Windows_NT
PROCESSOR_IDENTIFIER=Intel64 Family 6 Model 140 Stepping 1, GenuineIntel
TMP=C:\Users\isabe\AppData\Local\Temp
TEMP=C:\Users\isabe\AppData\Local\Temp




Periodic native trim disabled

---------------  S Y S T E M  ---------------

OS:
 Windows 11 , 64 bit Build 26100 (10.0.26100.5074)
OS uptime: 6 days 12:17 hours
Hyper-V role detected

CPU: total 8 (initial active 8) (4 cores per cpu, 2 threads per core) family 6 model 140 stepping 1 microcode 0xba, cx8, cmov, fxsr, ht, mmx, 3dnowpref, sse, sse2, sse3, ssse3, sse4.1, sse4.2, popcnt, lzcnt, tsc, tscinvbit, avx, avx2, aes, erms, clmul, bmi1, bmi2, adx, avx512f, avx512dq, avx512cd, avx512bw, avx512vl, sha, fma, vzeroupper, avx512_vpopcntdq, avx512_vpclmulqdq, avx512_vaes, avx512_vnni, clflush, clflushopt, clwb, avx512_vbmi2, avx512_vbmi, hv, rdtscp, rdpid, fsrm, gfni, avx512_bitalg, f16c, cet_ibt, cet_ss, avx512_ifma
Processor Information for the first 8 processors :
  Max Mhz: 3302, Current Mhz: 3302, Mhz Limit: 3302

Memory: 4k page, system-wide physical 16218M (2592M free)
TotalPageFile size 65370M (AvailPageFile size 8M)
current process WorkingSet (physical memory assigned to process): 180M, peak: 184M
current process commit charge ("private bytes"): 304M, peak: 309M

vm_info: OpenJDK 64-Bit Server VM (21.0.8+9-LTS) for windows-amd64 JRE (21.0.8+9-LTS), built on 2025-07-15T00:00:00Z by "admin" with MS VC++ 17.7 (VS2022)

END.
